Arguments: 
  /usr/local/bin/node /usr/local/bin/yarn add cheerio

PATH: 
  /Users/subekti/Library/Android/sdk/tools:/Users/subekti/Library/Android/sdk/platform-tools:/usr/local/bin:/usr/bin:/bin:/usr/sbin:/sbin:/Library/Frameworks/Mono.framework/Versions/Current/Commands:/Users/subekti/Library/Android/sdk/tools:/Users/subekti/Library/Android/sdk/platform-tools

Yarn version: 
  1.9.4

Node version: 
  10.15.1

Platform: 
  darwin x64

Trace: 
  Error: https://registry.yarnpkg.com/cheerio: ETIMEDOUT
      at Timeout._onTimeout (/usr/local/lib/node_modules/yarn/lib/cli.js:138128:19)
      at ontimeout (timers.js:436:11)
      at tryOnTimeout (timers.js:300:5)
      at listOnTimeout (timers.js:263:5)
      at Timer.processTimers (timers.js:223:10)

npm manifest: 
  {
    "name": "indoxxi",
    "version": "1.0.0",
    "description": "",
    "main": "index.js",
    "scripts": {
      "test": "echo \"Error: no test specified\" && exit 1"
    },
    "author": "",
    "license": "ISC",
    "dependencies": {
      "node-fetch": "^2.5.0"
    }
  }

yarn manifest: 
  No manifest

Lockfile: 
  # THIS IS AN AUTOGENERATED FILE. DO NOT EDIT THIS FILE DIRECTLY.
  # yarn lockfile v1
  
  
  node-fetch@^2.5.0:
    version "2.5.0"
    resolved "https://registry.yarnpkg.com/node-fetch/-/node-fetch-2.5.0.tgz#8028c49fc1191bba56a07adc6e2a954644a48501"
